<?xml version="1.0" encoding="UTF-8"?>
<!-- Generated by org.testng.reporters.JUnitXMLReporter -->
<testsuite ignored="0" hostname="Fatma" failures="0" tests="3" name="Default test" time="11.368" errors="0" timestamp="2023-09-23T07:25:13 EET">
  <testcase classname="com.pluralsight.TestClass1" name="test1" time="2.65"/>
  <testcase classname="com.pluralsight.TestClass1" name="test2" time="2.21"/>
  <testcase classname="com.pluralsight.TestClass1" name="test3" time="2.054"/>
</testsuite> <!-- Default test -->
