<?xml version="1.0" encoding="UTF-8"?>
<!-- Generated by org.testng.reporters.JUnitXMLReporter -->
<testsuite ignored="0" hostname="Fatma" failures="0" tests="3" name="Test" time="10.644" errors="0" timestamp="2023-09-22T03:47:20 EET">
  <testcase classname="com.pluralsight.TestClass1" name="test1" time="2.254"/>
  <testcase classname="com.pluralsight.TestClass1" name="test2" time="2.113"/>
  <testcase classname="com.pluralsight.TestClass1" name="test3" time="1.925"/>
</testsuite> <!-- Test -->
