<?xml version="1.0" encoding="UTF-8"?>
<!-- Generated by org.testng.reporters.JUnitXMLReporter -->
<testsuite ignored="0" hostname="Fatma" failures="0" tests="3" name="Test" time="11.451" errors="0" timestamp="2023-09-23T07:27:24 EET">
  <testcase classname="com.pluralsight.TestClass1" name="test1" time="2.713"/>
  <testcase classname="com.pluralsight.TestClass1" name="test2" time="2.156"/>
  <testcase classname="com.pluralsight.TestClass1" name="test3" time="2.298"/>
</testsuite> <!-- Test -->
