<?xml version="1.0" encoding="UTF-8"?>
<testng-results ignored="0" total="3" passed="3" failed="0" skipped="0">
  <reporter-output>
  </reporter-output>
  <suite started-at="2023-09-22T03:48:50 EET" name="Suite" finished-at="2023-09-22T03:49:01 EET" duration-ms="11974">
    <groups>
    </groups>
    <test started-at="2023-09-22T03:48:50 EET" name="Test" finished-at="2023-09-22T03:49:01 EET" duration-ms="11974">
      <class name="com.pluralsight.TestClass1">
        <test-method is-config="true" signature="lunchDriver()[pri:0, instance:com.pluralsight.TestClass1@5d7148e2]" started-at="2023-09-22T03:48:50 EET" name="lunchDriver" finished-at="2023-09-22T03:48:51 EET" duration-ms="1630" status="PASS">
          <reporter-output>
          </reporter-output>
        </test-method> <!-- lunchDriver -->
        <test-method signature="test1()[pri:0, instance:com.pluralsight.TestClass1@5d7148e2]" started-at="2023-09-22T03:48:51 EET" name="test1" finished-at="2023-09-22T03:48:55 EET" duration-ms="3701" status="PASS">
          <reporter-output>
          </reporter-output>
        </test-method> <!-- test1 -->
        <test-method is-config="true" signature="quit()[pri:0, instance:com.pluralsight.TestClass1@5d7148e2]" started-at="2023-09-22T03:48:55 EET" name="quit" finished-at="2023-09-22T03:48:55 EET" duration-ms="247" status="PASS">
          <reporter-output>
          </reporter-output>
        </test-method> <!-- quit -->
        <test-method is-config="true" signature="lunchDriver()[pri:0, instance:com.pluralsight.TestClass1@5d7148e2]" started-at="2023-09-22T03:48:55 EET" name="lunchDriver" finished-at="2023-09-22T03:48:56 EET" duration-ms="1025" status="PASS">
          <reporter-output>
          </reporter-output>
        </test-method> <!-- lunchDriver -->
        <test-method signature="test2()[pri:0, instance:com.pluralsight.TestClass1@5d7148e2]" started-at="2023-09-22T03:48:56 EET" name="test2" finished-at="2023-09-22T03:48:58 EET" duration-ms="2011" status="PASS">
          <reporter-output>
          </reporter-output>
        </test-method> <!-- test2 -->
        <test-method is-config="true" signature="quit()[pri:0, instance:com.pluralsight.TestClass1@5d7148e2]" started-at="2023-09-22T03:48:58 EET" name="quit" finished-at="2023-09-22T03:48:58 EET" duration-ms="194" status="PASS">
          <reporter-output>
          </reporter-output>
        </test-method> <!-- quit -->
        <test-method is-config="true" signature="lunchDriver()[pri:0, instance:com.pluralsight.TestClass1@5d7148e2]" started-at="2023-09-22T03:48:58 EET" name="lunchDriver" finished-at="2023-09-22T03:48:59 EET" duration-ms="892" status="PASS">
          <reporter-output>
          </reporter-output>
        </test-method> <!-- lunchDriver -->
        <test-method signature="test3()[pri:0, instance:com.pluralsight.TestClass1@5d7148e2]" started-at="2023-09-22T03:48:59 EET" name="test3" finished-at="2023-09-22T03:49:01 EET" duration-ms="2006" status="PASS">
          <reporter-output>
          </reporter-output>
        </test-method> <!-- test3 -->
        <test-method is-config="true" signature="quit()[pri:0, instance:com.pluralsight.TestClass1@5d7148e2]" started-at="2023-09-22T03:49:01 EET" name="quit" finished-at="2023-09-22T03:49:01 EET" duration-ms="212" status="PASS">
          <reporter-output>
          </reporter-output>
        </test-method> <!-- quit -->
      </class> <!-- com.pluralsight.TestClass1 -->
    </test> <!-- Test -->
  </suite> <!-- Suite -->
</testng-results>
