<?xml version="1.0" encoding="UTF-8"?>
<testng-results ignored="0" total="3" passed="3" failed="0" skipped="0">
  <reporter-output>
  </reporter-output>
  <suite started-at="2023-09-23T07:27:12 EET" name="Suite" finished-at="2023-09-23T07:27:24 EET" duration-ms="11451">
    <groups>
    </groups>
    <test started-at="2023-09-23T07:27:12 EET" name="Test" finished-at="2023-09-23T07:27:24 EET" duration-ms="11451">
      <class name="com.pluralsight.TestClass1">
        <test-method is-config="true" signature="lunchDriver()[pri:0, instance:com.pluralsight.TestClass1@435fb7b5]" started-at="2023-09-23T07:27:12 EET" name="lunchDriver" finished-at="2023-09-23T07:27:14 EET" duration-ms="1750" status="PASS">
          <reporter-output>
          </reporter-output>
        </test-method> <!-- lunchDriver -->
        <test-method signature="test1()[pri:0, instance:com.pluralsight.TestClass1@435fb7b5]" started-at="2023-09-23T07:27:14 EET" name="test1" finished-at="2023-09-23T07:27:17 EET" duration-ms="2713" status="PASS">
          <reporter-output>
          </reporter-output>
        </test-method> <!-- test1 -->
        <test-method is-config="true" signature="quit()[pri:0, instance:com.pluralsight.TestClass1@435fb7b5]" started-at="2023-09-23T07:27:17 EET" name="quit" finished-at="2023-09-23T07:27:17 EET" duration-ms="243" status="PASS">
          <reporter-output>
          </reporter-output>
        </test-method> <!-- quit -->
        <test-method is-config="true" signature="lunchDriver()[pri:0, instance:com.pluralsight.TestClass1@435fb7b5]" started-at="2023-09-23T07:27:17 EET" name="lunchDriver" finished-at="2023-09-23T07:27:18 EET" duration-ms="1002" status="PASS">
          <reporter-output>
          </reporter-output>
        </test-method> <!-- lunchDriver -->
        <test-method signature="test2()[pri:0, instance:com.pluralsight.TestClass1@435fb7b5]" started-at="2023-09-23T07:27:18 EET" name="test2" finished-at="2023-09-23T07:27:20 EET" duration-ms="2156" status="PASS">
          <reporter-output>
          </reporter-output>
        </test-method> <!-- test2 -->
        <test-method is-config="true" signature="quit()[pri:0, instance:com.pluralsight.TestClass1@435fb7b5]" started-at="2023-09-23T07:27:20 EET" name="quit" finished-at="2023-09-23T07:27:20 EET" duration-ms="173" status="PASS">
          <reporter-output>
          </reporter-output>
        </test-method> <!-- quit -->
        <test-method is-config="true" signature="lunchDriver()[pri:0, instance:com.pluralsight.TestClass1@435fb7b5]" started-at="2023-09-23T07:27:20 EET" name="lunchDriver" finished-at="2023-09-23T07:27:21 EET" duration-ms="874" status="PASS">
          <reporter-output>
          </reporter-output>
        </test-method> <!-- lunchDriver -->
        <test-method signature="test3()[pri:0, instance:com.pluralsight.TestClass1@435fb7b5]" started-at="2023-09-23T07:27:21 EET" name="test3" finished-at="2023-09-23T07:27:23 EET" duration-ms="2298" status="PASS">
          <reporter-output>
          </reporter-output>
        </test-method> <!-- test3 -->
        <test-method is-config="true" signature="quit()[pri:0, instance:com.pluralsight.TestClass1@435fb7b5]" started-at="2023-09-23T07:27:23 EET" name="quit" finished-at="2023-09-23T07:27:24 EET" duration-ms="180" status="PASS">
          <reporter-output>
          </reporter-output>
        </test-method> <!-- quit -->
      </class> <!-- com.pluralsight.TestClass1 -->
    </test> <!-- Test -->
  </suite> <!-- Suite -->
</testng-results>
