<?xml version="1.0" encoding="UTF-8"?>
<testng-results ignored="0" total="3" passed="3" failed="0" skipped="0">
  <reporter-output>
  </reporter-output>
  <suite started-at="2023-09-23T07:25:01 EET" name="Default suite" finished-at="2023-09-23T07:25:13 EET" duration-ms="11368">
    <groups>
    </groups>
    <test started-at="2023-09-23T07:25:01 EET" name="Default test" finished-at="2023-09-23T07:25:13 EET" duration-ms="11368">
      <class name="com.pluralsight.TestClass1">
        <test-method is-config="true" signature="lunchDriver()[pri:0, instance:com.pluralsight.TestClass1@56a4479a]" started-at="2023-09-23T07:25:01 EET" name="lunchDriver" finished-at="2023-09-23T07:25:03 EET" duration-ms="1824" status="PASS">
          <reporter-output>
          </reporter-output>
        </test-method> <!-- lunchDriver -->
        <test-method signature="test1()[pri:0, instance:com.pluralsight.TestClass1@56a4479a]" started-at="2023-09-23T07:25:03 EET" name="test1" finished-at="2023-09-23T07:25:06 EET" duration-ms="2650" status="PASS">
          <reporter-output>
          </reporter-output>
        </test-method> <!-- test1 -->
        <test-method is-config="true" signature="quit()[pri:0, instance:com.pluralsight.TestClass1@56a4479a]" started-at="2023-09-23T07:25:06 EET" name="quit" finished-at="2023-09-23T07:25:06 EET" duration-ms="232" status="PASS">
          <reporter-output>
          </reporter-output>
        </test-method> <!-- quit -->
        <test-method is-config="true" signature="lunchDriver()[pri:0, instance:com.pluralsight.TestClass1@56a4479a]" started-at="2023-09-23T07:25:06 EET" name="lunchDriver" finished-at="2023-09-23T07:25:07 EET" duration-ms="975" status="PASS">
          <reporter-output>
          </reporter-output>
        </test-method> <!-- lunchDriver -->
        <test-method signature="test2()[pri:0, instance:com.pluralsight.TestClass1@56a4479a]" started-at="2023-09-23T07:25:07 EET" name="test2" finished-at="2023-09-23T07:25:09 EET" duration-ms="2210" status="PASS">
          <reporter-output>
          </reporter-output>
        </test-method> <!-- test2 -->
        <test-method is-config="true" signature="quit()[pri:0, instance:com.pluralsight.TestClass1@56a4479a]" started-at="2023-09-23T07:25:09 EET" name="quit" finished-at="2023-09-23T07:25:09 EET" duration-ms="175" status="PASS">
          <reporter-output>
          </reporter-output>
        </test-method> <!-- quit -->
        <test-method is-config="true" signature="lunchDriver()[pri:0, instance:com.pluralsight.TestClass1@56a4479a]" started-at="2023-09-23T07:25:09 EET" name="lunchDriver" finished-at="2023-09-23T07:25:10 EET" duration-ms="994" status="PASS">
          <reporter-output>
          </reporter-output>
        </test-method> <!-- lunchDriver -->
        <test-method signature="test3()[pri:0, instance:com.pluralsight.TestClass1@56a4479a]" started-at="2023-09-23T07:25:10 EET" name="test3" finished-at="2023-09-23T07:25:13 EET" duration-ms="2054" status="PASS">
          <reporter-output>
          </reporter-output>
        </test-method> <!-- test3 -->
        <test-method is-config="true" signature="quit()[pri:0, instance:com.pluralsight.TestClass1@56a4479a]" started-at="2023-09-23T07:25:13 EET" name="quit" finished-at="2023-09-23T07:25:13 EET" duration-ms="172" status="PASS">
          <reporter-output>
          </reporter-output>
        </test-method> <!-- quit -->
      </class> <!-- com.pluralsight.TestClass1 -->
    </test> <!-- Default test -->
  </suite> <!-- Default suite -->
</testng-results>
