<?xml version="1.0" encoding="UTF-8"?>
<testng-results ignored="0" total="3" passed="3" failed="0" skipped="0">
  <reporter-output>
  </reporter-output>
  <suite started-at="2023-09-22T03:47:10 EET" name="Suite" finished-at="2023-09-22T03:47:20 EET" duration-ms="10644">
    <groups>
    </groups>
    <test started-at="2023-09-22T03:47:10 EET" name="Test" finished-at="2023-09-22T03:47:20 EET" duration-ms="10644">
      <class name="com.pluralsight.TestClass1">
        <test-method is-config="true" signature="lunchDriver()[pri:0, instance:com.pluralsight.TestClass1@4310d43]" started-at="2023-09-22T03:47:10 EET" name="lunchDriver" finished-at="2023-09-22T03:47:11 EET" duration-ms="1675" status="PASS">
          <reporter-output>
          </reporter-output>
        </test-method> <!-- lunchDriver -->
        <test-method signature="test1()[pri:0, instance:com.pluralsight.TestClass1@4310d43]" started-at="2023-09-22T03:47:11 EET" name="test1" finished-at="2023-09-22T03:47:14 EET" duration-ms="2254" status="PASS">
          <reporter-output>
          </reporter-output>
        </test-method> <!-- test1 -->
        <test-method is-config="true" signature="quit()[pri:0, instance:com.pluralsight.TestClass1@4310d43]" started-at="2023-09-22T03:47:14 EET" name="quit" finished-at="2023-09-22T03:47:14 EET" duration-ms="260" status="PASS">
          <reporter-output>
          </reporter-output>
        </test-method> <!-- quit -->
        <test-method is-config="true" signature="lunchDriver()[pri:0, instance:com.pluralsight.TestClass1@4310d43]" started-at="2023-09-22T03:47:14 EET" name="lunchDriver" finished-at="2023-09-22T03:47:15 EET" duration-ms="933" status="PASS">
          <reporter-output>
          </reporter-output>
        </test-method> <!-- lunchDriver -->
        <test-method signature="test2()[pri:0, instance:com.pluralsight.TestClass1@4310d43]" started-at="2023-09-22T03:47:15 EET" name="test2" finished-at="2023-09-22T03:47:17 EET" duration-ms="2113" status="PASS">
          <reporter-output>
          </reporter-output>
        </test-method> <!-- test2 -->
        <test-method is-config="true" signature="quit()[pri:0, instance:com.pluralsight.TestClass1@4310d43]" started-at="2023-09-22T03:47:17 EET" name="quit" finished-at="2023-09-22T03:47:17 EET" duration-ms="206" status="PASS">
          <reporter-output>
          </reporter-output>
        </test-method> <!-- quit -->
        <test-method is-config="true" signature="lunchDriver()[pri:0, instance:com.pluralsight.TestClass1@4310d43]" started-at="2023-09-22T03:47:17 EET" name="lunchDriver" finished-at="2023-09-22T03:47:18 EET" duration-ms="981" status="PASS">
          <reporter-output>
          </reporter-output>
        </test-method> <!-- lunchDriver -->
        <test-method signature="test3()[pri:0, instance:com.pluralsight.TestClass1@4310d43]" started-at="2023-09-22T03:47:18 EET" name="test3" finished-at="2023-09-22T03:47:20 EET" duration-ms="1925" status="PASS">
          <reporter-output>
          </reporter-output>
        </test-method> <!-- test3 -->
        <test-method is-config="true" signature="quit()[pri:0, instance:com.pluralsight.TestClass1@4310d43]" started-at="2023-09-22T03:47:20 EET" name="quit" finished-at="2023-09-22T03:47:20 EET" duration-ms="225" status="PASS">
          <reporter-output>
          </reporter-output>
        </test-method> <!-- quit -->
      </class> <!-- com.pluralsight.TestClass1 -->
    </test> <!-- Test -->
  </suite> <!-- Suite -->
</testng-results>
